<?xml version="1.0" encoding="UTF-8"?>
<!-- Generated by org.testng.reporters.JUnitReportReporter -->
<testsuite hostname="DESKTOP-AOF1G62" failures="0" tests="1" name="Automation_Amazon.Select_Payment_Method" time="39.438" errors="0" timestamp="2024-02-27T15:18:46 IST" skipped="0">
  <testcase classname="Automation_Amazon.Select_Payment_Method" name="E2E" time="39.438"/>
  <system-out/>
</testsuite> <!-- Automation_Amazon.Select_Payment_Method -->
