<?xml version="1.0" encoding="UTF-8"?>
<!-- Generated by org.testng.reporters.JUnitReportReporter -->
<testsuite hostname="DESKTOP-AOF1G62" failures="0" tests="1" name="selenium.program.Assertion_Demo" time="12.797" errors="0" timestamp="2024-02-24T14:28:53 IST" skipped="0">
  <testcase classname="selenium.program.Assertion_Demo" name="Myntra" time="12.797"/>
  <system-out/>
</testsuite> <!-- selenium.program.Assertion_Demo -->
