<?xml version="1.0" encoding="UTF-8"?>
<!-- Generated by org.testng.reporters.JUnitReportReporter -->
<testsuite hostname="DESKTOP-AOF1G62" failures="0" tests="1" name="Automation_Amazon.Apply_CouponCode" time="37.419" errors="0" timestamp="2024-02-27T15:39:39 IST" skipped="0">
  <testcase classname="Automation_Amazon.Apply_CouponCode" name="Apply_Coupon" time="37.419"/>
  <system-out/>
</testsuite> <!-- Automation_Amazon.Apply_CouponCode -->
