<?xml version="1.0" encoding="UTF-8"?>
<!-- Generated by org.testng.reporters.JUnitReportReporter -->
<testsuite hostname="DESKTOP-AOF1G62" failures="0" tests="1" name="Automation_Amazon.Amazon_E2E" time="46.366" errors="0" timestamp="2024-02-27T14:33:32 IST" skipped="0">
  <testcase classname="Automation_Amazon.Amazon_E2E" name="E2E" time="46.366"/>
  <system-out/>
</testsuite> <!-- Automation_Amazon.Amazon_E2E -->
