<?xml version="1.0" encoding="UTF-8"?>
<!-- Generated by org.testng.reporters.JUnitReportReporter -->
<testsuite hostname="DESKTOP-AOF1G62" failures="0" tests="1" name="Automation_Amazon.GoToCart_WithoutLogin" time="19.959" errors="0" timestamp="2024-02-27T16:15:43 IST" skipped="0">
  <testcase classname="Automation_Amazon.GoToCart_WithoutLogin" name="GoToCart" time="19.959"/>
  <system-out/>
</testsuite> <!-- Automation_Amazon.GoToCart_WithoutLogin -->
